d:\vs 2017\cs16assist\injecteddll\release\injecteddll.pch
d:\vs 2017\cs16assist\injecteddll\release\vc141.pdb
d:\vs 2017\cs16assist\injecteddll\release\stdafx.obj
d:\vs 2017\cs16assist\injecteddll\release\uithread.obj
d:\vs 2017\cs16assist\injecteddll\release\spirit.obj
d:\vs 2017\cs16assist\injecteddll\release\injecteddll.obj
d:\vs 2017\cs16assist\injecteddll\release\hookthread.obj
d:\vs 2017\cs16assist\injecteddll\release\dllmain.obj
d:\vs 2017\cs16assist\injecteddll\release\uicontrolval.obj
d:\vs 2017\cs16assist\release\injecteddll.ipdb
d:\vs 2017\cs16assist\release\injecteddll.iobj
d:\vs 2017\cs16assist\release\injecteddll.dll
d:\vs 2017\cs16assist\release\injecteddll.pdb
d:\vs 2017\cs16assist\injecteddll\release\injecteddll.res
d:\vs 2017\cs16assist\injecteddll\release\injecteddll.tlog\cl.command.1.tlog
d:\vs 2017\cs16assist\injecteddll\release\injecteddll.tlog\cl.read.1.tlog
d:\vs 2017\cs16assist\injecteddll\release\injecteddll.tlog\cl.write.1.tlog
d:\vs 2017\cs16assist\injecteddll\release\injecteddll.tlog\injecteddll.write.1u.tlog
d:\vs 2017\cs16assist\injecteddll\release\injecteddll.tlog\link.command.1.tlog
d:\vs 2017\cs16assist\injecteddll\release\injecteddll.tlog\link.read.1.tlog
d:\vs 2017\cs16assist\injecteddll\release\injecteddll.tlog\link.write.1.tlog
d:\vs 2017\cs16assist\injecteddll\release\injecteddll.tlog\rc.command.1.tlog
d:\vs 2017\cs16assist\injecteddll\release\injecteddll.tlog\rc.read.1.tlog
d:\vs 2017\cs16assist\injecteddll\release\injecteddll.tlog\rc.write.1.tlog
