D:\Program Files (x86)\Microsoft Visual Studio\2017\Professional\Common7\IDE\VC\VCTargets\Microsoft.CppBuild.targets(402,5): warning MSB8038: 已启用 Spectre 缓解，但找不到 Spectre 缓解库。验证 Visual Studio 工作负荷包括 Spectre 缓解库。有关详细信息，请参阅 https://aka.ms/Ofhn4c。
  stdafx.cpp
  UIControlVal.cpp
  dllmain.cpp
  HookThread.cpp
d:\vs 2017\cs16assist\injecteddll\hookthread.cpp(35): warning C4312: “类型强制转换”: 从“UINT”转换到更大的“UINT *”
d:\vs 2017\cs16assist\injecteddll\hookthread.cpp(37): warning C4312: “类型强制转换”: 从“UINT”转换到更大的“UINT *”
d:\vs 2017\cs16assist\injecteddll\hookthread.cpp(64): warning C4312: “类型强制转换”: 从“UINT”转换到更大的“UINT *”
d:\vs 2017\cs16assist\injecteddll\hookthread.cpp(66): warning C4312: “类型强制转换”: 从“UINT”转换到更大的“UINT *”
d:\vs 2017\cs16assist\injecteddll\hookthread.cpp(109): warning C4312: “类型强制转换”: 从“UINT”转换到更大的“UINT *”
d:\vs 2017\cs16assist\injecteddll\hookthread.cpp(111): warning C4312: “类型强制转换”: 从“UINT”转换到更大的“UINT *”
d:\vs 2017\cs16assist\injecteddll\hookthread.cpp(122): warning C4312: “类型强制转换”: 从“UINT”转换到更大的“FLOAT *”
d:\vs 2017\cs16assist\injecteddll\hookthread.cpp(124): warning C4312: “类型强制转换”: 从“UINT”转换到更大的“FLOAT *”
d:\vs 2017\cs16assist\injecteddll\hookthread.cpp(135): warning C4312: “类型强制转换”: 从“UINT”转换到更大的“FLOAT *”
d:\vs 2017\cs16assist\injecteddll\hookthread.cpp(141): warning C4312: “类型强制转换”: 从“UINT”转换到更大的“FLOAT *”
d:\vs 2017\cs16assist\injecteddll\hookthread.cpp(147): warning C4312: “类型强制转换”: 从“UINT”转换到更大的“FLOAT *”
d:\vs 2017\cs16assist\injecteddll\hookthread.cpp(157): warning C4312: “类型强制转换”: 从“UINT”转换到更大的“FLOAT *”
d:\vs 2017\cs16assist\injecteddll\hookthread.cpp(163): warning C4312: “类型强制转换”: 从“UINT”转换到更大的“FLOAT *”
d:\vs 2017\cs16assist\injecteddll\hookthread.cpp(170): warning C4312: “类型强制转换”: 从“UINT”转换到更大的“FLOAT *”
d:\vs 2017\cs16assist\injecteddll\hookthread.cpp(180): warning C4312: “类型强制转换”: 从“UINT”转换到更大的“FLOAT *”
  InjectedDll.cpp
  Spirit.cpp
  UIThread.cpp
d:\vs 2017\cs16assist\injecteddll\uithread.cpp(13): error C2664: “DWORD GetModuleFileNameW(HMODULE,LPWSTR,DWORD)”: 无法将参数 2 从“char [260]”转换为“LPWSTR”
  d:\vs 2017\cs16assist\injecteddll\uithread.cpp(13): note: 与指向的类型无关；强制转换要求 reinterpret_cast、C 样式强制转换或函数样式强制转换
d:\vs 2017\cs16assist\injecteddll\uithread.cpp(40): warning C4244: “=”: 从“LRESULT”转换到“int”，可能丢失数据
d:\vs 2017\cs16assist\injecteddll\uithread.cpp(54): warning C4244: “=”: 从“LRESULT”转换到“int”，可能丢失数据
d:\vs 2017\cs16assist\injecteddll\uithread.cpp(66): warning C4244: “=”: 从“LRESULT”转换到“int”，可能丢失数据
d:\vs 2017\cs16assist\injecteddll\uithread.cpp(78): error C2664: “int MessageBoxW(HWND,LPCWSTR,LPCWSTR,UINT)”: 无法将参数 2 从“char [1024]”转换为“LPCWSTR”
  d:\vs 2017\cs16assist\injecteddll\uithread.cpp(78): note: 与指向的类型无关；强制转换要求 reinterpret_cast、C 样式强制转换或函数样式强制转换
d:\vs 2017\cs16assist\injecteddll\uithread.cpp(77): error C4996: 'sprintf': This function or variable may be unsafe. Consider using sprintf_s instead. To disable deprecation, use _CRT_SECURE_NO_WARNINGS. See online help for details.
  c:\program files (x86)\windows kits\10\include\10.0.17763.0\ucrt\stdio.h(1774): note: 参见“sprintf”的声明
