d:\vs 2017\cs16assist\cs16assist\release\cs16assist.pch
d:\vs 2017\cs16assist\cs16assist\release\vc141.pdb
d:\vs 2017\cs16assist\cs16assist\release\stdafx.obj
d:\vs 2017\cs16assist\cs16assist\release\injectdll.obj
d:\vs 2017\cs16assist\cs16assist\release\cs16assist.obj
d:\vs 2017\cs16assist\release\cs16assist.ipdb
d:\vs 2017\cs16assist\release\cs16assist.iobj
d:\vs 2017\cs16assist\release\cs16assist.exe
d:\vs 2017\cs16assist\release\cs16assist.pdb
d:\vs 2017\cs16assist\cs16assist\release\cs16assist.res
d:\vs 2017\cs16assist\cs16assist\release\cs16assist.tlog\cl.command.1.tlog
d:\vs 2017\cs16assist\cs16assist\release\cs16assist.tlog\cl.read.1.tlog
d:\vs 2017\cs16assist\cs16assist\release\cs16assist.tlog\cl.write.1.tlog
d:\vs 2017\cs16assist\cs16assist\release\cs16assist.tlog\cs16assist.write.1u.tlog
d:\vs 2017\cs16assist\cs16assist\release\cs16assist.tlog\link.command.1.tlog
d:\vs 2017\cs16assist\cs16assist\release\cs16assist.tlog\link.read.1.tlog
d:\vs 2017\cs16assist\cs16assist\release\cs16assist.tlog\link.write.1.tlog
d:\vs 2017\cs16assist\cs16assist\release\cs16assist.tlog\rc.command.1.tlog
d:\vs 2017\cs16assist\cs16assist\release\cs16assist.tlog\rc.read.1.tlog
d:\vs 2017\cs16assist\cs16assist\release\cs16assist.tlog\rc.write.1.tlog
