d:\vs 2017\cs16assist\injecteddll\debug\injecteddll.pch
d:\vs 2017\cs16assist\injecteddll\debug\vc141.pdb
d:\vs 2017\cs16assist\injecteddll\debug\vc141.idb
d:\vs 2017\cs16assist\injecteddll\debug\stdafx.obj
d:\vs 2017\cs16assist\injecteddll\debug\uithread.obj
d:\vs 2017\cs16assist\injecteddll\debug\spirit.obj
d:\vs 2017\cs16assist\injecteddll\debug\injecteddll.obj
d:\vs 2017\cs16assist\injecteddll\debug\hookthread.obj
d:\vs 2017\cs16assist\injecteddll\debug\dllmain.obj
d:\vs 2017\cs16assist\injecteddll\debug\uicontrolval.obj
d:\vs 2017\cs16assist\debug\injecteddll.ilk
d:\vs 2017\cs16assist\debug\injecteddll.dll
d:\vs 2017\cs16assist\debug\injecteddll.pdb
d:\vs 2017\cs16assist\injecteddll\debug\injecteddll.res
d:\vs 2017\cs16assist\injecteddll\debug\injecteddll.tlog\cl.command.1.tlog
d:\vs 2017\cs16assist\injecteddll\debug\injecteddll.tlog\cl.read.1.tlog
d:\vs 2017\cs16assist\injecteddll\debug\injecteddll.tlog\cl.write.1.tlog
d:\vs 2017\cs16assist\injecteddll\debug\injecteddll.tlog\link.command.1.tlog
d:\vs 2017\cs16assist\injecteddll\debug\injecteddll.tlog\link.read.1.tlog
d:\vs 2017\cs16assist\injecteddll\debug\injecteddll.tlog\link.write.1.tlog
d:\vs 2017\cs16assist\injecteddll\debug\injecteddll.tlog\rc.command.1.tlog
d:\vs 2017\cs16assist\injecteddll\debug\injecteddll.tlog\rc.read.1.tlog
d:\vs 2017\cs16assist\injecteddll\debug\injecteddll.tlog\rc.write.1.tlog
